Spark Command: /usr/lib/jvm/java-8-openjdk-amd64/jre/bin/java -cp /usr/local/spark-2.3.2-bin-hadoop2.7/conf/:/usr/local/spark-2.3.2-bin-hadoop2.7/assembly/target/scala-2.11/jars/* -Xmx1g org.apache.spark.deploy.worker.Worker --webui-port 8081 spark://10.193.232.252:7077
========================================
Using Spark's default log4j profile: org/apache/spark/log4j-defaults.properties
18/11/02 16:02:56 INFO Worker: Started daemon with process name: 12692@hadoop-master
18/11/02 16:02:56 INFO SignalUtils: Registered signal handler for TERM
18/11/02 16:02:56 INFO SignalUtils: Registered signal handler for HUP
18/11/02 16:02:56 INFO SignalUtils: Registered signal handler for INT
18/11/02 16:02:57 WARN NativeCodeLoader: Unable to load native-hadoop library for your platform... using builtin-java classes where applicable
18/11/02 16:02:57 INFO SecurityManager: Changing view acls to: vm1
18/11/02 16:02:57 INFO SecurityManager: Changing modify acls to: vm1
18/11/02 16:02:57 INFO SecurityManager: Changing view acls groups to: 
18/11/02 16:02:57 INFO SecurityManager: Changing modify acls groups to: 
18/11/02 16:02:57 INFO SecurityManager: SecurityManager: authentication disabled; ui acls disabled; users  with view permissions: Set(vm1); groups with view permissions: Set(); users  with modify permissions: Set(vm1); groups with modify permissions: Set()
18/11/02 16:02:57 INFO Utils: 



1234567Successfully started service 'sparkWorker' on port 37779.
18/11/02 16:02:57 INFO Worker: Starting Spark worker 10.193.232.252:37779 with 8 cores, 4.8 GB RAM
18/11/02 16:02:57 INFO Worker: Running Spark version 2.3.2
18/11/02 16:02:57 INFO Worker: Spark home: /usr/local/spark-2.3.2-bin-hadoop2.7
18/11/02 16:02:57 INFO log: Logging initialized @1836ms
18/11/02 16:02:57 INFO Server: jetty-9.3.24.v20180605, build timestamp: 2018-06-05T12:11:56-05:00, git hash: 84205aa28f11a4f31f2a3b86d1bba2cc8ab69827
18/11/02 16:02:57 INFO Server: Started @1910ms
18/11/02 16:02:57 INFO AbstractConnector: Started ServerConnector@2250ff81{HTTP/1.1,[http/1.1]}{0.0.0.0:8081}
18/11/02 16:02:57 INFO Utils: 



1234567Successfully started service 'WorkerUI' on port 8081.
18/11/02 16:02:57 INFO ContextHandler: Started o.e.j.s.ServletContextHandler@44f2e4ec{/logPage,null,AVAILABLE,@Spark}
18/11/02 16:02:57 INFO ContextHandler: Started o.e.j.s.ServletContextHandler@4a148104{/logPage/json,null,AVAILABLE,@Spark}
18/11/02 16:02:57 INFO ContextHandler: Started o.e.j.s.ServletContextHandler@62315d5e{/,null,AVAILABLE,@Spark}
18/11/02 16:02:57 INFO ContextHandler: Started o.e.j.s.ServletContextHandler@78619292{/json,null,AVAILABLE,@Spark}
18/11/02 16:02:57 INFO ContextHandler: Started o.e.j.s.ServletContextHandler@1052eb6d{/static,null,AVAILABLE,@Spark}
18/11/02 16:02:57 INFO ContextHandler: Started o.e.j.s.ServletContextHandler@7abab406{/log,null,AVAILABLE,@Spark}
18/11/02 16:02:57 INFO WorkerWebUI: Bound WorkerWebUI to 0.0.0.0, and started at http://hadoop-master:8081
18/11/02 16:02:57 INFO Worker: Connecting to master 10.193.232.252:7077...
18/11/02 16:02:57 ERROR NettyRpcEnv: log warning without client




RpcOutboxMessage(java.nio.HeapByteBuffer[pos=0 lim=180 cap=256],<function1>,<function2>)
18/11/02 16:02:57 INFO ContextHandler: Started o.e.j.s.ServletContextHandler@3f95d049{/metrics/json,null,AVAILABLE,@Spark}
18/11/02 16:02:57 INFO TransportClientFactory: Successfully created connection to /10.193.232.252:7077 after 37 ms (0 ms spent in bootstraps)
18/11/02 16:02:58 ERROR NettyRpcEnv: log warning without client




OneWayOutboxMessage(java.nio.HeapByteBuffer[pos=0 lim=1330 cap=2456])
18/11/02 16:02:58 INFO Worker: Successfully registered with master spark://10.193.232.252:7077
18/11/02 16:02:58 ERROR NettyRpcEnv: log warning with client




OneWayOutboxMessage(java.nio.HeapByteBuffer[pos=0 lim=535 cap=820])
18/11/02 16:02:58 ERROR NettyRpcEnv: log warning with client




OneWayOutboxMessage(java.nio.HeapByteBuffer[pos=0 lim=1179 cap=1584])
18/11/02 16:03:13 ERROR NettyRpcEnv: log warning with client




OneWayOutboxMessage(java.nio.HeapByteBuffer[pos=0 lim=1179 cap=1584])
18/11/02 16:03:28 ERROR NettyRpcEnv: log warning with client




OneWayOutboxMessage(java.nio.HeapByteBuffer[pos=0 lim=1179 cap=1584])
18/11/02 16:03:43 ERROR NettyRpcEnv: log warning with client




OneWayOutboxMessage(java.nio.HeapByteBuffer[pos=0 lim=1179 cap=1584])
18/11/02 16:03:58 ERROR NettyRpcEnv: log warning with client




OneWayOutboxMessage(java.nio.HeapByteBuffer[pos=0 lim=1179 cap=1584])
18/11/02 16:04:13 ERROR NettyRpcEnv: log warning with client




OneWayOutboxMessage(java.nio.HeapByteBuffer[pos=0 lim=1179 cap=1584])
18/11/02 16:04:28 ERROR NettyRpcEnv: log warning with client




OneWayOutboxMessage(java.nio.HeapByteBuffer[pos=0 lim=1179 cap=1584])
18/11/02 16:04:43 ERROR NettyRpcEnv: log warning with client




OneWayOutboxMessage(java.nio.HeapByteBuffer[pos=0 lim=1179 cap=1584])
18/11/02 16:04:58 ERROR NettyRpcEnv: log warning with client




OneWayOutboxMessage(java.nio.HeapByteBuffer[pos=0 lim=1179 cap=1584])
18/11/02 16:05:13 ERROR NettyRpcEnv: log warning with client




OneWayOutboxMessage(java.nio.HeapByteBuffer[pos=0 lim=1179 cap=1584])
18/11/02 16:05:14 INFO Worker: Asked to launch executor app-20181102160514-0000/1 for engaging_reviews
18/11/02 16:05:14 INFO SecurityManager: Changing view acls to: vm1
18/11/02 16:05:14 INFO SecurityManager: Changing modify acls to: vm1
18/11/02 16:05:14 INFO SecurityManager: Changing view acls groups to: 
18/11/02 16:05:14 INFO SecurityManager: Changing modify acls groups to: 
18/11/02 16:05:14 INFO SecurityManager: SecurityManager: authentication disabled; ui acls disabled; users  with view permissions: Set(vm1); groups with view permissions: Set(); users  with modify permissions: Set(vm1); groups with modify permissions: Set()
18/11/02 16:05:14 ERROR NettyRpcEnv: log warning with client




OneWayOutboxMessage(java.nio.HeapByteBuffer[pos=0 lim=1380 cap=1976])
18/11/02 16:05:14 INFO ExecutorRunner: Launch command: "/usr/lib/jvm/java-8-openjdk-amd64/jre/bin/java" "-cp" "/usr/local/spark-2.3.2-bin-hadoop2.7/conf/:/usr/local/spark-2.3.2-bin-hadoop2.7/assembly/target/scala-2.11/jars/*" "-Xmx1024M" "-Dspark.driver.port=44095" "org.apache.spark.executor.CoarseGrainedExecutorBackend" "--driver-url" "spark://CoarseGrainedScheduler@hadoop-master:44095" "--executor-id" "1" "--hostname" "10.193.232.252" "--cores" "8" "--app-id" "app-20181102160514-0000" "--worker-url" "spark://Worker@10.193.232.252:37779"
18/11/02 16:05:28 ERROR NettyRpcEnv: log warning with client




OneWayOutboxMessage(java.nio.HeapByteBuffer[pos=0 lim=1179 cap=1584])
18/11/02 16:05:43 ERROR NettyRpcEnv: log warning with client




OneWayOutboxMessage(java.nio.HeapByteBuffer[pos=0 lim=1179 cap=1584])
18/11/02 16:05:48 INFO Worker: Asked to kill executor app-20181102160514-0000/1
18/11/02 16:05:48 INFO ExecutorRunner: Runner thread for executor app-20181102160514-0000/1 interrupted
18/11/02 16:05:48 INFO ExecutorRunner: Killing process!
18/11/02 16:05:48 ERROR NettyRpcEnv: log warning with client




OneWayOutboxMessage(java.nio.HeapByteBuffer[pos=0 lim=1436 cap=1976])
18/11/02 16:05:48 INFO Worker: Executor app-20181102160514-0000/1 finished with state KILLED exitStatus 0
18/11/02 16:05:48 INFO ExternalShuffleBlockResolver: Application app-20181102160514-0000 removed, cleanupLocalDirs = true
18/11/02 16:05:48 INFO Worker: Cleaning up local directories for application app-20181102160514-0000
18/11/02 16:05:58 ERROR NettyRpcEnv: log warning with client




OneWayOutboxMessage(java.nio.HeapByteBuffer[pos=0 lim=1179 cap=1584])
18/11/02 16:06:13 ERROR NettyRpcEnv: log warning with client




OneWayOutboxMessage(java.nio.HeapByteBuffer[pos=0 lim=1179 cap=1584])
18/11/02 16:06:28 ERROR NettyRpcEnv: log warning with client




OneWayOutboxMessage(java.nio.HeapByteBuffer[pos=0 lim=1179 cap=1584])
18/11/02 16:06:43 ERROR NettyRpcEnv: log warning with client




OneWayOutboxMessage(java.nio.HeapByteBuffer[pos=0 lim=1179 cap=1584])
18/11/02 16:06:58 ERROR NettyRpcEnv: log warning with client




OneWayOutboxMessage(java.nio.HeapByteBuffer[pos=0 lim=1179 cap=1584])
18/11/02 16:07:13 ERROR NettyRpcEnv: log warning with client




OneWayOutboxMessage(java.nio.HeapByteBuffer[pos=0 lim=1179 cap=1584])
18/11/02 16:07:28 ERROR NettyRpcEnv: log warning with client




OneWayOutboxMessage(java.nio.HeapByteBuffer[pos=0 lim=1179 cap=1584])
18/11/02 16:07:43 ERROR NettyRpcEnv: log warning with client




OneWayOutboxMessage(java.nio.HeapByteBuffer[pos=0 lim=1179 cap=1584])
18/11/02 16:07:58 ERROR NettyRpcEnv: log warning with client




OneWayOutboxMessage(java.nio.HeapByteBuffer[pos=0 lim=1179 cap=1584])
18/11/02 16:08:13 ERROR NettyRpcEnv: log warning with client




OneWayOutboxMessage(java.nio.HeapByteBuffer[pos=0 lim=1179 cap=1584])
18/11/02 16:08:28 ERROR NettyRpcEnv: log warning with client




OneWayOutboxMessage(java.nio.HeapByteBuffer[pos=0 lim=1179 cap=1584])
18/11/02 16:08:43 ERROR NettyRpcEnv: log warning with client




OneWayOutboxMessage(java.nio.HeapByteBuffer[pos=0 lim=1179 cap=1584])
18/11/02 16:08:58 ERROR NettyRpcEnv: log warning with client




OneWayOutboxMessage(java.nio.HeapByteBuffer[pos=0 lim=1179 cap=1584])
18/11/02 16:09:13 ERROR NettyRpcEnv: log warning with client




OneWayOutboxMessage(java.nio.HeapByteBuffer[pos=0 lim=1179 cap=1584])
18/11/02 16:09:28 ERROR NettyRpcEnv: log warning with client




OneWayOutboxMessage(java.nio.HeapByteBuffer[pos=0 lim=1179 cap=1584])
18/11/02 16:09:43 ERROR NettyRpcEnv: log warning with client




OneWayOutboxMessage(java.nio.HeapByteBuffer[pos=0 lim=1179 cap=1584])
18/11/02 16:09:58 ERROR NettyRpcEnv: log warning with client




OneWayOutboxMessage(java.nio.HeapByteBuffer[pos=0 lim=1179 cap=1584])
18/11/02 16:10:13 ERROR NettyRpcEnv: log warning with client




OneWayOutboxMessage(java.nio.HeapByteBuffer[pos=0 lim=1179 cap=1584])
18/11/02 16:10:28 ERROR NettyRpcEnv: log warning with client




OneWayOutboxMessage(java.nio.HeapByteBuffer[pos=0 lim=1179 cap=1584])
18/11/02 16:10:43 ERROR NettyRpcEnv: log warning with client




OneWayOutboxMessage(java.nio.HeapByteBuffer[pos=0 lim=1179 cap=1584])
18/11/02 16:10:58 ERROR NettyRpcEnv: log warning with client




OneWayOutboxMessage(java.nio.HeapByteBuffer[pos=0 lim=1179 cap=1584])
18/11/02 16:11:13 ERROR NettyRpcEnv: log warning with client




OneWayOutboxMessage(java.nio.HeapByteBuffer[pos=0 lim=1179 cap=1584])
18/11/02 16:11:28 ERROR NettyRpcEnv: log warning with client




OneWayOutboxMessage(java.nio.HeapByteBuffer[pos=0 lim=1179 cap=1584])
18/11/02 16:11:43 ERROR NettyRpcEnv: log warning with client




OneWayOutboxMessage(java.nio.HeapByteBuffer[pos=0 lim=1179 cap=1584])
18/11/02 16:11:58 ERROR NettyRpcEnv: log warning with client




OneWayOutboxMessage(java.nio.HeapByteBuffer[pos=0 lim=1179 cap=1584])
18/11/02 16:12:13 ERROR NettyRpcEnv: log warning with client




OneWayOutboxMessage(java.nio.HeapByteBuffer[pos=0 lim=1179 cap=1584])
18/11/02 16:12:28 ERROR NettyRpcEnv: log warning with client




OneWayOutboxMessage(java.nio.HeapByteBuffer[pos=0 lim=1179 cap=1584])
18/11/02 16:12:43 ERROR NettyRpcEnv: log warning with client




OneWayOutboxMessage(java.nio.HeapByteBuffer[pos=0 lim=1179 cap=1584])
18/11/02 16:12:58 ERROR NettyRpcEnv: log warning with client




OneWayOutboxMessage(java.nio.HeapByteBuffer[pos=0 lim=1179 cap=1584])
18/11/02 16:13:13 ERROR NettyRpcEnv: log warning with client




OneWayOutboxMessage(java.nio.HeapByteBuffer[pos=0 lim=1179 cap=1584])
18/11/02 16:13:28 ERROR NettyRpcEnv: log warning with client




OneWayOutboxMessage(java.nio.HeapByteBuffer[pos=0 lim=1179 cap=1584])
18/11/02 16:13:43 ERROR NettyRpcEnv: log warning with client




OneWayOutboxMessage(java.nio.HeapByteBuffer[pos=0 lim=1179 cap=1584])
18/11/02 16:13:58 ERROR NettyRpcEnv: log warning with client




OneWayOutboxMessage(java.nio.HeapByteBuffer[pos=0 lim=1179 cap=1584])
18/11/02 16:14:13 ERROR NettyRpcEnv: log warning with client




OneWayOutboxMessage(java.nio.HeapByteBuffer[pos=0 lim=1179 cap=1584])
18/11/02 16:14:28 ERROR NettyRpcEnv: log warning with client




OneWayOutboxMessage(java.nio.HeapByteBuffer[pos=0 lim=1179 cap=1584])
18/11/02 16:14:43 ERROR NettyRpcEnv: log warning with client




OneWayOutboxMessage(java.nio.HeapByteBuffer[pos=0 lim=1179 cap=1584])
18/11/02 16:14:58 ERROR NettyRpcEnv: log warning with client




OneWayOutboxMessage(java.nio.HeapByteBuffer[pos=0 lim=1179 cap=1584])
18/11/02 16:15:13 ERROR NettyRpcEnv: log warning with client




OneWayOutboxMessage(java.nio.HeapByteBuffer[pos=0 lim=1179 cap=1584])
18/11/02 16:15:28 ERROR NettyRpcEnv: log warning with client




OneWayOutboxMessage(java.nio.HeapByteBuffer[pos=0 lim=1179 cap=1584])
18/11/02 16:15:43 ERROR NettyRpcEnv: log warning with client




OneWayOutboxMessage(java.nio.HeapByteBuffer[pos=0 lim=1179 cap=1584])
18/11/02 16:15:58 ERROR NettyRpcEnv: log warning with client




OneWayOutboxMessage(java.nio.HeapByteBuffer[pos=0 lim=1179 cap=1584])
18/11/02 16:16:13 ERROR NettyRpcEnv: log warning with client




OneWayOutboxMessage(java.nio.HeapByteBuffer[pos=0 lim=1179 cap=1584])
18/11/02 16:16:28 ERROR NettyRpcEnv: log warning with client




OneWayOutboxMessage(java.nio.HeapByteBuffer[pos=0 lim=1179 cap=1584])
18/11/02 16:16:43 ERROR NettyRpcEnv: log warning with client




OneWayOutboxMessage(java.nio.HeapByteBuffer[pos=0 lim=1179 cap=1584])
18/11/02 16:16:58 ERROR NettyRpcEnv: log warning with client




OneWayOutboxMessage(java.nio.HeapByteBuffer[pos=0 lim=1179 cap=1584])
18/11/02 16:17:13 ERROR NettyRpcEnv: log warning with client




OneWayOutboxMessage(java.nio.HeapByteBuffer[pos=0 lim=1179 cap=1584])
18/11/02 16:17:28 ERROR NettyRpcEnv: log warning with client




OneWayOutboxMessage(java.nio.HeapByteBuffer[pos=0 lim=1179 cap=1584])
18/11/02 16:17:43 ERROR NettyRpcEnv: log warning with client




OneWayOutboxMessage(java.nio.HeapByteBuffer[pos=0 lim=1179 cap=1584])
18/11/02 16:17:58 ERROR NettyRpcEnv: log warning with client




OneWayOutboxMessage(java.nio.HeapByteBuffer[pos=0 lim=1179 cap=1584])
18/11/02 16:18:13 ERROR NettyRpcEnv: log warning with client




OneWayOutboxMessage(java.nio.HeapByteBuffer[pos=0 lim=1179 cap=1584])
18/11/02 16:18:28 ERROR NettyRpcEnv: log warning with client




OneWayOutboxMessage(java.nio.HeapByteBuffer[pos=0 lim=1179 cap=1584])
